Traceback (most recent call last):
  File "bin/paster", line 126, in <module>
    paste.script.command.run()
  File "/Users/jbb/.buildout/eggs/PasteScript-1.7.3-py2.5.egg/paste/script/command.py", line 84, in run
    invoke(command, command_name, options, args[1:])
  File "/Users/jbb/.buildout/eggs/PasteScript-1.7.3-py2.5.egg/paste/script/command.py", line 123, in invoke
    exit_code = runner.run(args)
  File "/Users/jbb/.buildout/eggs/PasteScript-1.7.3-py2.5.egg/paste/script/command.py", line 218, in run
    result = self.command()
  File "/Users/jbb/.buildout/eggs/PasteScript-1.7.3-py2.5.egg/paste/script/serve.py", line 276, in command
    relative_to=base, global_conf=vars)
  File "/Users/jbb/.buildout/eggs/PasteScript-1.7.3-py2.5.egg/paste/script/serve.py", line 313, in loadapp
    **kw)
  File "/Users/jbb/.buildout/eggs/PasteDeploy-1.3.3-py2.5.egg/paste/deploy/loadwsgi.py", line 204, in loadapp
    return loadobj(APP, uri, name=name, **kw)
  File "/Users/jbb/.buildout/eggs/PasteDeploy-1.3.3-py2.5.egg/paste/deploy/loadwsgi.py", line 224, in loadobj
    global_conf=global_conf)
  File "/Users/jbb/.buildout/eggs/PasteDeploy-1.3.3-py2.5.egg/paste/deploy/loadwsgi.py", line 248, in loadcontext
    global_conf=global_conf)
  File "/Users/jbb/.buildout/eggs/PasteDeploy-1.3.3-py2.5.egg/paste/deploy/loadwsgi.py", line 278, in _loadconfig
    return loader.get_context(object_type, name, global_conf)
  File "/Users/jbb/.buildout/eggs/PasteDeploy-1.3.3-py2.5.egg/paste/deploy/loadwsgi.py", line 409, in get_context
    section)
  File "/Users/jbb/.buildout/eggs/PasteDeploy-1.3.3-py2.5.egg/paste/deploy/loadwsgi.py", line 431, in _context_from_use
    object_type, name=use, global_conf=global_conf)
  File "/Users/jbb/.buildout/eggs/PasteDeploy-1.3.3-py2.5.egg/paste/deploy/loadwsgi.py", line 361, in get_context
    global_conf=global_conf)
  File "/Users/jbb/.buildout/eggs/PasteDeploy-1.3.3-py2.5.egg/paste/deploy/loadwsgi.py", line 248, in loadcontext
    global_conf=global_conf)
  File "/Users/jbb/.buildout/eggs/PasteDeploy-1.3.3-py2.5.egg/paste/deploy/loadwsgi.py", line 285, in _loadegg
    return loader.get_context(object_type, name, global_conf)
  File "/Users/jbb/.buildout/eggs/PasteDeploy-1.3.3-py2.5.egg/paste/deploy/loadwsgi.py", line 561, in get_context
    object_type, name=name)
  File "/Users/jbb/.buildout/eggs/PasteDeploy-1.3.3-py2.5.egg/paste/deploy/loadwsgi.py", line 581, in find_egg_entry_point
    pkg_resources.require(self.spec)
  File "/Users/jbb/.buildout/eggs/setuptools-0.6c9-py2.5.egg/pkg_resources.py", line 626, in require
  File "/Users/jbb/.buildout/eggs/setuptools-0.6c9-py2.5.egg/pkg_resources.py", line 524, in resolve
pkg_resources.DistributionNotFound: contentmirrorgrok
Traceback (most recent call last):
  File "bin/paster", line 126, in <module>
    paste.script.command.run()
  File "/Users/jbb/.buildout/eggs/PasteScript-1.7.3-py2.5.egg/paste/script/command.py", line 84, in run
    invoke(command, command_name, options, args[1:])
  File "/Users/jbb/.buildout/eggs/PasteScript-1.7.3-py2.5.egg/paste/script/command.py", line 123, in invoke
    exit_code = runner.run(args)
  File "/Users/jbb/.buildout/eggs/PasteScript-1.7.3-py2.5.egg/paste/script/command.py", line 218, in run
    result = self.command()
  File "/Users/jbb/.buildout/eggs/PasteScript-1.7.3-py2.5.egg/paste/script/serve.py", line 276, in command
    relative_to=base, global_conf=vars)
  File "/Users/jbb/.buildout/eggs/PasteScript-1.7.3-py2.5.egg/paste/script/serve.py", line 313, in loadapp
    **kw)
  File "/Users/jbb/.buildout/eggs/PasteDeploy-1.3.3-py2.5.egg/paste/deploy/loadwsgi.py", line 204, in loadapp
    return loadobj(APP, uri, name=name, **kw)
  File "/Users/jbb/.buildout/eggs/PasteDeploy-1.3.3-py2.5.egg/paste/deploy/loadwsgi.py", line 224, in loadobj
    global_conf=global_conf)
  File "/Users/jbb/.buildout/eggs/PasteDeploy-1.3.3-py2.5.egg/paste/deploy/loadwsgi.py", line 248, in loadcontext
    global_conf=global_conf)
  File "/Users/jbb/.buildout/eggs/PasteDeploy-1.3.3-py2.5.egg/paste/deploy/loadwsgi.py", line 278, in _loadconfig
    return loader.get_context(object_type, name, global_conf)
  File "/Users/jbb/.buildout/eggs/PasteDeploy-1.3.3-py2.5.egg/paste/deploy/loadwsgi.py", line 409, in get_context
    section)
  File "/Users/jbb/.buildout/eggs/PasteDeploy-1.3.3-py2.5.egg/paste/deploy/loadwsgi.py", line 431, in _context_from_use
    object_type, name=use, global_conf=global_conf)
  File "/Users/jbb/.buildout/eggs/PasteDeploy-1.3.3-py2.5.egg/paste/deploy/loadwsgi.py", line 361, in get_context
    global_conf=global_conf)
  File "/Users/jbb/.buildout/eggs/PasteDeploy-1.3.3-py2.5.egg/paste/deploy/loadwsgi.py", line 248, in loadcontext
    global_conf=global_conf)
  File "/Users/jbb/.buildout/eggs/PasteDeploy-1.3.3-py2.5.egg/paste/deploy/loadwsgi.py", line 285, in _loadegg
    return loader.get_context(object_type, name, global_conf)
  File "/Users/jbb/.buildout/eggs/PasteDeploy-1.3.3-py2.5.egg/paste/deploy/loadwsgi.py", line 561, in get_context
    object_type, name=name)
  File "/Users/jbb/.buildout/eggs/PasteDeploy-1.3.3-py2.5.egg/paste/deploy/loadwsgi.py", line 581, in find_egg_entry_point
    pkg_resources.require(self.spec)
  File "/Users/jbb/.buildout/eggs/setuptools-0.6c9-py2.5.egg/pkg_resources.py", line 626, in require
  File "/Users/jbb/.buildout/eggs/setuptools-0.6c9-py2.5.egg/pkg_resources.py", line 524, in resolve
pkg_resources.DistributionNotFound: contentmirrorgrok
Traceback (most recent call last):
  File "bin/paster", line 126, in <module>
    paste.script.command.run()
  File "/Users/jbb/.buildout/eggs/PasteScript-1.7.3-py2.5.egg/paste/script/command.py", line 84, in run
    invoke(command, command_name, options, args[1:])
  File "/Users/jbb/.buildout/eggs/PasteScript-1.7.3-py2.5.egg/paste/script/command.py", line 123, in invoke
    exit_code = runner.run(args)
  File "/Users/jbb/.buildout/eggs/PasteScript-1.7.3-py2.5.egg/paste/script/command.py", line 218, in run
    result = self.command()
  File "/Users/jbb/.buildout/eggs/PasteScript-1.7.3-py2.5.egg/paste/script/serve.py", line 276, in command
    relative_to=base, global_conf=vars)
  File "/Users/jbb/.buildout/eggs/PasteScript-1.7.3-py2.5.egg/paste/script/serve.py", line 313, in loadapp
    **kw)
  File "/Users/jbb/.buildout/eggs/PasteDeploy-1.3.3-py2.5.egg/paste/deploy/loadwsgi.py", line 204, in loadapp
    return loadobj(APP, uri, name=name, **kw)
  File "/Users/jbb/.buildout/eggs/PasteDeploy-1.3.3-py2.5.egg/paste/deploy/loadwsgi.py", line 224, in loadobj
    global_conf=global_conf)
  File "/Users/jbb/.buildout/eggs/PasteDeploy-1.3.3-py2.5.egg/paste/deploy/loadwsgi.py", line 248, in loadcontext
    global_conf=global_conf)
  File "/Users/jbb/.buildout/eggs/PasteDeploy-1.3.3-py2.5.egg/paste/deploy/loadwsgi.py", line 278, in _loadconfig
    return loader.get_context(object_type, name, global_conf)
  File "/Users/jbb/.buildout/eggs/PasteDeploy-1.3.3-py2.5.egg/paste/deploy/loadwsgi.py", line 409, in get_context
    section)
  File "/Users/jbb/.buildout/eggs/PasteDeploy-1.3.3-py2.5.egg/paste/deploy/loadwsgi.py", line 431, in _context_from_use
    object_type, name=use, global_conf=global_conf)
  File "/Users/jbb/.buildout/eggs/PasteDeploy-1.3.3-py2.5.egg/paste/deploy/loadwsgi.py", line 361, in get_context
    global_conf=global_conf)
  File "/Users/jbb/.buildout/eggs/PasteDeploy-1.3.3-py2.5.egg/paste/deploy/loadwsgi.py", line 248, in loadcontext
    global_conf=global_conf)
  File "/Users/jbb/.buildout/eggs/PasteDeploy-1.3.3-py2.5.egg/paste/deploy/loadwsgi.py", line 285, in _loadegg
    return loader.get_context(object_type, name, global_conf)
  File "/Users/jbb/.buildout/eggs/PasteDeploy-1.3.3-py2.5.egg/paste/deploy/loadwsgi.py", line 561, in get_context
    object_type, name=name)
  File "/Users/jbb/.buildout/eggs/PasteDeploy-1.3.3-py2.5.egg/paste/deploy/loadwsgi.py", line 581, in find_egg_entry_point
    pkg_resources.require(self.spec)
  File "/Users/jbb/.buildout/eggs/setuptools-0.6c9-py2.5.egg/pkg_resources.py", line 626, in require
  File "/Users/jbb/.buildout/eggs/setuptools-0.6c9-py2.5.egg/pkg_resources.py", line 524, in resolve
pkg_resources.DistributionNotFound: contentmirrorgrok
Traceback (most recent call last):
  File "bin/paster", line 126, in <module>
    paste.script.command.run()
  File "/Users/jbb/.buildout/eggs/PasteScript-1.7.3-py2.5.egg/paste/script/command.py", line 84, in run
    invoke(command, command_name, options, args[1:])
  File "/Users/jbb/.buildout/eggs/PasteScript-1.7.3-py2.5.egg/paste/script/command.py", line 123, in invoke
    exit_code = runner.run(args)
  File "/Users/jbb/.buildout/eggs/PasteScript-1.7.3-py2.5.egg/paste/script/command.py", line 218, in run
    result = self.command()
  File "/Users/jbb/.buildout/eggs/PasteScript-1.7.3-py2.5.egg/paste/script/serve.py", line 276, in command
    relative_to=base, global_conf=vars)
  File "/Users/jbb/.buildout/eggs/PasteScript-1.7.3-py2.5.egg/paste/script/serve.py", line 313, in loadapp
    **kw)
  File "/Users/jbb/.buildout/eggs/PasteDeploy-1.3.3-py2.5.egg/paste/deploy/loadwsgi.py", line 204, in loadapp
    return loadobj(APP, uri, name=name, **kw)
  File "/Users/jbb/.buildout/eggs/PasteDeploy-1.3.3-py2.5.egg/paste/deploy/loadwsgi.py", line 224, in loadobj
    global_conf=global_conf)
  File "/Users/jbb/.buildout/eggs/PasteDeploy-1.3.3-py2.5.egg/paste/deploy/loadwsgi.py", line 248, in loadcontext
    global_conf=global_conf)
  File "/Users/jbb/.buildout/eggs/PasteDeploy-1.3.3-py2.5.egg/paste/deploy/loadwsgi.py", line 278, in _loadconfig
    return loader.get_context(object_type, name, global_conf)
  File "/Users/jbb/.buildout/eggs/PasteDeploy-1.3.3-py2.5.egg/paste/deploy/loadwsgi.py", line 409, in get_context
    section)
  File "/Users/jbb/.buildout/eggs/PasteDeploy-1.3.3-py2.5.egg/paste/deploy/loadwsgi.py", line 431, in _context_from_use
    object_type, name=use, global_conf=global_conf)
  File "/Users/jbb/.buildout/eggs/PasteDeploy-1.3.3-py2.5.egg/paste/deploy/loadwsgi.py", line 361, in get_context
    global_conf=global_conf)
  File "/Users/jbb/.buildout/eggs/PasteDeploy-1.3.3-py2.5.egg/paste/deploy/loadwsgi.py", line 248, in loadcontext
    global_conf=global_conf)
  File "/Users/jbb/.buildout/eggs/PasteDeploy-1.3.3-py2.5.egg/paste/deploy/loadwsgi.py", line 285, in _loadegg
    return loader.get_context(object_type, name, global_conf)
  File "/Users/jbb/.buildout/eggs/PasteDeploy-1.3.3-py2.5.egg/paste/deploy/loadwsgi.py", line 561, in get_context
    object_type, name=name)
  File "/Users/jbb/.buildout/eggs/PasteDeploy-1.3.3-py2.5.egg/paste/deploy/loadwsgi.py", line 581, in find_egg_entry_point
    pkg_resources.require(self.spec)
  File "/Users/jbb/.buildout/eggs/setuptools-0.6c9-py2.5.egg/pkg_resources.py", line 626, in require
  File "/Users/jbb/.buildout/eggs/setuptools-0.6c9-py2.5.egg/pkg_resources.py", line 524, in resolve
pkg_resources.DistributionNotFound: contentmirrorgrok
Traceback (most recent call last):
  File "bin/paster", line 126, in <module>
    paste.script.command.run()
  File "/Users/jbb/.buildout/eggs/PasteScript-1.7.3-py2.5.egg/paste/script/command.py", line 84, in run
    invoke(command, command_name, options, args[1:])
  File "/Users/jbb/.buildout/eggs/PasteScript-1.7.3-py2.5.egg/paste/script/command.py", line 123, in invoke
    exit_code = runner.run(args)
  File "/Users/jbb/.buildout/eggs/PasteScript-1.7.3-py2.5.egg/paste/script/command.py", line 218, in run
    result = self.command()
  File "/Users/jbb/.buildout/eggs/PasteScript-1.7.3-py2.5.egg/paste/script/serve.py", line 276, in command
    relative_to=base, global_conf=vars)
  File "/Users/jbb/.buildout/eggs/PasteScript-1.7.3-py2.5.egg/paste/script/serve.py", line 313, in loadapp
    **kw)
  File "/Users/jbb/.buildout/eggs/PasteDeploy-1.3.3-py2.5.egg/paste/deploy/loadwsgi.py", line 204, in loadapp
    return loadobj(APP, uri, name=name, **kw)
  File "/Users/jbb/.buildout/eggs/PasteDeploy-1.3.3-py2.5.egg/paste/deploy/loadwsgi.py", line 224, in loadobj
    global_conf=global_conf)
  File "/Users/jbb/.buildout/eggs/PasteDeploy-1.3.3-py2.5.egg/paste/deploy/loadwsgi.py", line 248, in loadcontext
    global_conf=global_conf)
  File "/Users/jbb/.buildout/eggs/PasteDeploy-1.3.3-py2.5.egg/paste/deploy/loadwsgi.py", line 278, in _loadconfig
    return loader.get_context(object_type, name, global_conf)
  File "/Users/jbb/.buildout/eggs/PasteDeploy-1.3.3-py2.5.egg/paste/deploy/loadwsgi.py", line 409, in get_context
    section)
  File "/Users/jbb/.buildout/eggs/PasteDeploy-1.3.3-py2.5.egg/paste/deploy/loadwsgi.py", line 431, in _context_from_use
    object_type, name=use, global_conf=global_conf)
  File "/Users/jbb/.buildout/eggs/PasteDeploy-1.3.3-py2.5.egg/paste/deploy/loadwsgi.py", line 361, in get_context
    global_conf=global_conf)
  File "/Users/jbb/.buildout/eggs/PasteDeploy-1.3.3-py2.5.egg/paste/deploy/loadwsgi.py", line 248, in loadcontext
    global_conf=global_conf)
  File "/Users/jbb/.buildout/eggs/PasteDeploy-1.3.3-py2.5.egg/paste/deploy/loadwsgi.py", line 285, in _loadegg
    return loader.get_context(object_type, name, global_conf)
  File "/Users/jbb/.buildout/eggs/PasteDeploy-1.3.3-py2.5.egg/paste/deploy/loadwsgi.py", line 561, in get_context
    object_type, name=name)
  File "/Users/jbb/.buildout/eggs/PasteDeploy-1.3.3-py2.5.egg/paste/deploy/loadwsgi.py", line 581, in find_egg_entry_point
    pkg_resources.require(self.spec)
  File "/Users/jbb/.buildout/eggs/setuptools-0.6c9-py2.5.egg/pkg_resources.py", line 626, in require
  File "/Users/jbb/.buildout/eggs/setuptools-0.6c9-py2.5.egg/pkg_resources.py", line 524, in resolve
pkg_resources.DistributionNotFound: contentmirrorgrok
Traceback (most recent call last):
  File "bin/paster", line 126, in <module>
    paste.script.command.run()
  File "/Users/jbb/.buildout/eggs/PasteScript-1.7.3-py2.5.egg/paste/script/command.py", line 84, in run
    invoke(command, command_name, options, args[1:])
  File "/Users/jbb/.buildout/eggs/PasteScript-1.7.3-py2.5.egg/paste/script/command.py", line 123, in invoke
    exit_code = runner.run(args)
  File "/Users/jbb/.buildout/eggs/PasteScript-1.7.3-py2.5.egg/paste/script/command.py", line 218, in run
    result = self.command()
  File "/Users/jbb/.buildout/eggs/PasteScript-1.7.3-py2.5.egg/paste/script/serve.py", line 276, in command
    relative_to=base, global_conf=vars)
  File "/Users/jbb/.buildout/eggs/PasteScript-1.7.3-py2.5.egg/paste/script/serve.py", line 313, in loadapp
    **kw)
  File "/Users/jbb/.buildout/eggs/PasteDeploy-1.3.3-py2.5.egg/paste/deploy/loadwsgi.py", line 204, in loadapp
    return loadobj(APP, uri, name=name, **kw)
  File "/Users/jbb/.buildout/eggs/PasteDeploy-1.3.3-py2.5.egg/paste/deploy/loadwsgi.py", line 224, in loadobj
    global_conf=global_conf)
  File "/Users/jbb/.buildout/eggs/PasteDeploy-1.3.3-py2.5.egg/paste/deploy/loadwsgi.py", line 248, in loadcontext
    global_conf=global_conf)
  File "/Users/jbb/.buildout/eggs/PasteDeploy-1.3.3-py2.5.egg/paste/deploy/loadwsgi.py", line 278, in _loadconfig
    return loader.get_context(object_type, name, global_conf)
  File "/Users/jbb/.buildout/eggs/PasteDeploy-1.3.3-py2.5.egg/paste/deploy/loadwsgi.py", line 409, in get_context
    section)
  File "/Users/jbb/.buildout/eggs/PasteDeploy-1.3.3-py2.5.egg/paste/deploy/loadwsgi.py", line 431, in _context_from_use
    object_type, name=use, global_conf=global_conf)
  File "/Users/jbb/.buildout/eggs/PasteDeploy-1.3.3-py2.5.egg/paste/deploy/loadwsgi.py", line 361, in get_context
    global_conf=global_conf)
  File "/Users/jbb/.buildout/eggs/PasteDeploy-1.3.3-py2.5.egg/paste/deploy/loadwsgi.py", line 248, in loadcontext
    global_conf=global_conf)
  File "/Users/jbb/.buildout/eggs/PasteDeploy-1.3.3-py2.5.egg/paste/deploy/loadwsgi.py", line 285, in _loadegg
    return loader.get_context(object_type, name, global_conf)
  File "/Users/jbb/.buildout/eggs/PasteDeploy-1.3.3-py2.5.egg/paste/deploy/loadwsgi.py", line 561, in get_context
    object_type, name=name)
  File "/Users/jbb/.buildout/eggs/PasteDeploy-1.3.3-py2.5.egg/paste/deploy/loadwsgi.py", line 581, in find_egg_entry_point
    pkg_resources.require(self.spec)
  File "/Users/jbb/.buildout/eggs/setuptools-0.6c9-py2.5.egg/pkg_resources.py", line 626, in require
  File "/Users/jbb/.buildout/eggs/setuptools-0.6c9-py2.5.egg/pkg_resources.py", line 524, in resolve
pkg_resources.DistributionNotFound: contentmirrorgrok
Traceback (most recent call last):
  File "bin/paster", line 126, in <module>
    paste.script.command.run()
  File "/Users/jbb/.buildout/eggs/PasteScript-1.7.3-py2.5.egg/paste/script/command.py", line 84, in run
    invoke(command, command_name, options, args[1:])
  File "/Users/jbb/.buildout/eggs/PasteScript-1.7.3-py2.5.egg/paste/script/command.py", line 123, in invoke
    exit_code = runner.run(args)
  File "/Users/jbb/.buildout/eggs/PasteScript-1.7.3-py2.5.egg/paste/script/command.py", line 218, in run
    result = self.command()
  File "/Users/jbb/.buildout/eggs/PasteScript-1.7.3-py2.5.egg/paste/script/serve.py", line 276, in command
    relative_to=base, global_conf=vars)
  File "/Users/jbb/.buildout/eggs/PasteScript-1.7.3-py2.5.egg/paste/script/serve.py", line 313, in loadapp
    **kw)
  File "/Users/jbb/.buildout/eggs/PasteDeploy-1.3.3-py2.5.egg/paste/deploy/loadwsgi.py", line 204, in loadapp
    return loadobj(APP, uri, name=name, **kw)
  File "/Users/jbb/.buildout/eggs/PasteDeploy-1.3.3-py2.5.egg/paste/deploy/loadwsgi.py", line 224, in loadobj
    global_conf=global_conf)
  File "/Users/jbb/.buildout/eggs/PasteDeploy-1.3.3-py2.5.egg/paste/deploy/loadwsgi.py", line 248, in loadcontext
    global_conf=global_conf)
  File "/Users/jbb/.buildout/eggs/PasteDeploy-1.3.3-py2.5.egg/paste/deploy/loadwsgi.py", line 278, in _loadconfig
    return loader.get_context(object_type, name, global_conf)
  File "/Users/jbb/.buildout/eggs/PasteDeploy-1.3.3-py2.5.egg/paste/deploy/loadwsgi.py", line 409, in get_context
    section)
  File "/Users/jbb/.buildout/eggs/PasteDeploy-1.3.3-py2.5.egg/paste/deploy/loadwsgi.py", line 431, in _context_from_use
    object_type, name=use, global_conf=global_conf)
  File "/Users/jbb/.buildout/eggs/PasteDeploy-1.3.3-py2.5.egg/paste/deploy/loadwsgi.py", line 361, in get_context
    global_conf=global_conf)
  File "/Users/jbb/.buildout/eggs/PasteDeploy-1.3.3-py2.5.egg/paste/deploy/loadwsgi.py", line 248, in loadcontext
    global_conf=global_conf)
  File "/Users/jbb/.buildout/eggs/PasteDeploy-1.3.3-py2.5.egg/paste/deploy/loadwsgi.py", line 285, in _loadegg
    return loader.get_context(object_type, name, global_conf)
  File "/Users/jbb/.buildout/eggs/PasteDeploy-1.3.3-py2.5.egg/paste/deploy/loadwsgi.py", line 561, in get_context
    object_type, name=name)
  File "/Users/jbb/.buildout/eggs/PasteDeploy-1.3.3-py2.5.egg/paste/deploy/loadwsgi.py", line 581, in find_egg_entry_point
    pkg_resources.require(self.spec)
  File "/Users/jbb/.buildout/eggs/setuptools-0.6c9-py2.5.egg/pkg_resources.py", line 626, in require
  File "/Users/jbb/.buildout/eggs/setuptools-0.6c9-py2.5.egg/pkg_resources.py", line 524, in resolve
pkg_resources.DistributionNotFound: contentmirrorgrok
Traceback (most recent call last):
  File "bin/paster", line 126, in <module>
    paste.script.command.run()
  File "/Users/jbb/.buildout/eggs/PasteScript-1.7.3-py2.5.egg/paste/script/command.py", line 84, in run
    invoke(command, command_name, options, args[1:])
  File "/Users/jbb/.buildout/eggs/PasteScript-1.7.3-py2.5.egg/paste/script/command.py", line 123, in invoke
    exit_code = runner.run(args)
  File "/Users/jbb/.buildout/eggs/PasteScript-1.7.3-py2.5.egg/paste/script/command.py", line 218, in run
    result = self.command()
  File "/Users/jbb/.buildout/eggs/PasteScript-1.7.3-py2.5.egg/paste/script/serve.py", line 276, in command
    relative_to=base, global_conf=vars)
  File "/Users/jbb/.buildout/eggs/PasteScript-1.7.3-py2.5.egg/paste/script/serve.py", line 313, in loadapp
    **kw)
  File "/Users/jbb/.buildout/eggs/PasteDeploy-1.3.3-py2.5.egg/paste/deploy/loadwsgi.py", line 204, in loadapp
    return loadobj(APP, uri, name=name, **kw)
  File "/Users/jbb/.buildout/eggs/PasteDeploy-1.3.3-py2.5.egg/paste/deploy/loadwsgi.py", line 224, in loadobj
    global_conf=global_conf)
  File "/Users/jbb/.buildout/eggs/PasteDeploy-1.3.3-py2.5.egg/paste/deploy/loadwsgi.py", line 248, in loadcontext
    global_conf=global_conf)
  File "/Users/jbb/.buildout/eggs/PasteDeploy-1.3.3-py2.5.egg/paste/deploy/loadwsgi.py", line 278, in _loadconfig
    return loader.get_context(object_type, name, global_conf)
  File "/Users/jbb/.buildout/eggs/PasteDeploy-1.3.3-py2.5.egg/paste/deploy/loadwsgi.py", line 409, in get_context
    section)
  File "/Users/jbb/.buildout/eggs/PasteDeploy-1.3.3-py2.5.egg/paste/deploy/loadwsgi.py", line 431, in _context_from_use
    object_type, name=use, global_conf=global_conf)
  File "/Users/jbb/.buildout/eggs/PasteDeploy-1.3.3-py2.5.egg/paste/deploy/loadwsgi.py", line 361, in get_context
    global_conf=global_conf)
  File "/Users/jbb/.buildout/eggs/PasteDeploy-1.3.3-py2.5.egg/paste/deploy/loadwsgi.py", line 248, in loadcontext
    global_conf=global_conf)
  File "/Users/jbb/.buildout/eggs/PasteDeploy-1.3.3-py2.5.egg/paste/deploy/loadwsgi.py", line 285, in _loadegg
    return loader.get_context(object_type, name, global_conf)
  File "/Users/jbb/.buildout/eggs/PasteDeploy-1.3.3-py2.5.egg/paste/deploy/loadwsgi.py", line 561, in get_context
    object_type, name=name)
  File "/Users/jbb/.buildout/eggs/PasteDeploy-1.3.3-py2.5.egg/paste/deploy/loadwsgi.py", line 581, in find_egg_entry_point
    pkg_resources.require(self.spec)
  File "/Users/jbb/.buildout/eggs/setuptools-0.6c9-py2.5.egg/pkg_resources.py", line 626, in require
  File "/Users/jbb/.buildout/eggs/setuptools-0.6c9-py2.5.egg/pkg_resources.py", line 524, in resolve
pkg_resources.DistributionNotFound: contentmirrorgrok
Traceback (most recent call last):
  File "bin/paster", line 126, in <module>
    paste.script.command.run()
  File "/Users/jbb/.buildout/eggs/PasteScript-1.7.3-py2.5.egg/paste/script/command.py", line 84, in run
    invoke(command, command_name, options, args[1:])
  File "/Users/jbb/.buildout/eggs/PasteScript-1.7.3-py2.5.egg/paste/script/command.py", line 123, in invoke
    exit_code = runner.run(args)
  File "/Users/jbb/.buildout/eggs/PasteScript-1.7.3-py2.5.egg/paste/script/command.py", line 218, in run
    result = self.command()
  File "/Users/jbb/.buildout/eggs/PasteScript-1.7.3-py2.5.egg/paste/script/serve.py", line 276, in command
    relative_to=base, global_conf=vars)
  File "/Users/jbb/.buildout/eggs/PasteScript-1.7.3-py2.5.egg/paste/script/serve.py", line 313, in loadapp
    **kw)
  File "/Users/jbb/.buildout/eggs/PasteDeploy-1.3.3-py2.5.egg/paste/deploy/loadwsgi.py", line 204, in loadapp
    return loadobj(APP, uri, name=name, **kw)
  File "/Users/jbb/.buildout/eggs/PasteDeploy-1.3.3-py2.5.egg/paste/deploy/loadwsgi.py", line 224, in loadobj
    global_conf=global_conf)
  File "/Users/jbb/.buildout/eggs/PasteDeploy-1.3.3-py2.5.egg/paste/deploy/loadwsgi.py", line 248, in loadcontext
    global_conf=global_conf)
  File "/Users/jbb/.buildout/eggs/PasteDeploy-1.3.3-py2.5.egg/paste/deploy/loadwsgi.py", line 278, in _loadconfig
    return loader.get_context(object_type, name, global_conf)
  File "/Users/jbb/.buildout/eggs/PasteDeploy-1.3.3-py2.5.egg/paste/deploy/loadwsgi.py", line 409, in get_context
    section)
  File "/Users/jbb/.buildout/eggs/PasteDeploy-1.3.3-py2.5.egg/paste/deploy/loadwsgi.py", line 431, in _context_from_use
    object_type, name=use, global_conf=global_conf)
  File "/Users/jbb/.buildout/eggs/PasteDeploy-1.3.3-py2.5.egg/paste/deploy/loadwsgi.py", line 361, in get_context
    global_conf=global_conf)
  File "/Users/jbb/.buildout/eggs/PasteDeploy-1.3.3-py2.5.egg/paste/deploy/loadwsgi.py", line 248, in loadcontext
    global_conf=global_conf)
  File "/Users/jbb/.buildout/eggs/PasteDeploy-1.3.3-py2.5.egg/paste/deploy/loadwsgi.py", line 285, in _loadegg
    return loader.get_context(object_type, name, global_conf)
  File "/Users/jbb/.buildout/eggs/PasteDeploy-1.3.3-py2.5.egg/paste/deploy/loadwsgi.py", line 561, in get_context
    object_type, name=name)
  File "/Users/jbb/.buildout/eggs/PasteDeploy-1.3.3-py2.5.egg/paste/deploy/loadwsgi.py", line 581, in find_egg_entry_point
    pkg_resources.require(self.spec)
  File "/Users/jbb/.buildout/eggs/setuptools-0.6c9-py2.5.egg/pkg_resources.py", line 626, in require
  File "/Users/jbb/.buildout/eggs/setuptools-0.6c9-py2.5.egg/pkg_resources.py", line 524, in resolve
pkg_resources.DistributionNotFound: contentmirrorgrok
Traceback (most recent call last):
  File "bin/paster", line 126, in <module>
    paste.script.command.run()
  File "/Users/jbb/.buildout/eggs/PasteScript-1.7.3-py2.5.egg/paste/script/command.py", line 84, in run
    invoke(command, command_name, options, args[1:])
  File "/Users/jbb/.buildout/eggs/PasteScript-1.7.3-py2.5.egg/paste/script/command.py", line 123, in invoke
    exit_code = runner.run(args)
  File "/Users/jbb/.buildout/eggs/PasteScript-1.7.3-py2.5.egg/paste/script/command.py", line 218, in run
    result = self.command()
  File "/Users/jbb/.buildout/eggs/PasteScript-1.7.3-py2.5.egg/paste/script/serve.py", line 276, in command
    relative_to=base, global_conf=vars)
  File "/Users/jbb/.buildout/eggs/PasteScript-1.7.3-py2.5.egg/paste/script/serve.py", line 313, in loadapp
    **kw)
  File "/Users/jbb/.buildout/eggs/PasteDeploy-1.3.3-py2.5.egg/paste/deploy/loadwsgi.py", line 204, in loadapp
    return loadobj(APP, uri, name=name, **kw)
  File "/Users/jbb/.buildout/eggs/PasteDeploy-1.3.3-py2.5.egg/paste/deploy/loadwsgi.py", line 224, in loadobj
    global_conf=global_conf)
  File "/Users/jbb/.buildout/eggs/PasteDeploy-1.3.3-py2.5.egg/paste/deploy/loadwsgi.py", line 248, in loadcontext
    global_conf=global_conf)
  File "/Users/jbb/.buildout/eggs/PasteDeploy-1.3.3-py2.5.egg/paste/deploy/loadwsgi.py", line 278, in _loadconfig
    return loader.get_context(object_type, name, global_conf)
  File "/Users/jbb/.buildout/eggs/PasteDeploy-1.3.3-py2.5.egg/paste/deploy/loadwsgi.py", line 409, in get_context
    section)
  File "/Users/jbb/.buildout/eggs/PasteDeploy-1.3.3-py2.5.egg/paste/deploy/loadwsgi.py", line 431, in _context_from_use
    object_type, name=use, global_conf=global_conf)
  File "/Users/jbb/.buildout/eggs/PasteDeploy-1.3.3-py2.5.egg/paste/deploy/loadwsgi.py", line 361, in get_context
    global_conf=global_conf)
  File "/Users/jbb/.buildout/eggs/PasteDeploy-1.3.3-py2.5.egg/paste/deploy/loadwsgi.py", line 248, in loadcontext
    global_conf=global_conf)
  File "/Users/jbb/.buildout/eggs/PasteDeploy-1.3.3-py2.5.egg/paste/deploy/loadwsgi.py", line 285, in _loadegg
    return loader.get_context(object_type, name, global_conf)
  File "/Users/jbb/.buildout/eggs/PasteDeploy-1.3.3-py2.5.egg/paste/deploy/loadwsgi.py", line 561, in get_context
    object_type, name=name)
  File "/Users/jbb/.buildout/eggs/PasteDeploy-1.3.3-py2.5.egg/paste/deploy/loadwsgi.py", line 581, in find_egg_entry_point
    pkg_resources.require(self.spec)
  File "/Users/jbb/.buildout/eggs/setuptools-0.6c9-py2.5.egg/pkg_resources.py", line 626, in require
  File "/Users/jbb/.buildout/eggs/setuptools-0.6c9-py2.5.egg/pkg_resources.py", line 524, in resolve
pkg_resources.DistributionNotFound: contentmirrorgrok
No handlers could be found for logger "root"
